nohup: ignoring input
2026-06-21T13:39:47Z INF Thank you for trying Cloudflare Tunnel. Doing so, without a Cloudflare account, is a quick way to experiment and try it out. However, be aware that these account-less Tunnels have no uptime guarantee, are subject to the Cloudflare Online Services Terms of Use (https://www.cloudflare.com/website-terms/), and Cloudflare reserves the right to investigate your use of Tunnels for violations of such terms. If you intend to use Tunnels in production you should use a pre-created named tunnel by following: https://developers.cloudflare.com/cloudflare-one/connections/connect-apps
2026-06-21T13:39:47Z INF Requesting new quick Tunnel on trycloudflare.com...
2026-06-21T13:39:53Z INF +--------------------------------------------------------------------------------------------+
2026-06-21T13:39:53Z INF |  Your quick Tunnel has been created! Visit it at (it may take some time to be reachable):  |
2026-06-21T13:39:53Z INF |  https://surge-feeds-purchased-block.trycloudflare.com                                     |
2026-06-21T13:39:53Z INF +--------------------------------------------------------------------------------------------+
2026-06-21T13:39:53Z INF Cannot determine default configuration path. No file [config.yml config.yaml] in [~/.cloudflared ~/.cloudflare-warp ~/cloudflare-warp /etc/cloudflared /usr/local/etc/cloudflared]
2026-06-21T13:39:53Z INF Version 2026.6.1 (Checksum 5861a10a438fe8ddcfebb3b830f83966cbf193edafce0fe2eeb198fbae1f7a22)
2026-06-21T13:39:53Z INF GOOS: linux, GOVersion: go1.26.4, GoArch: amd64
2026-06-21T13:39:53Z INF Settings: map[ha-connections:1 protocol:quic url:http://localhost:8000]
2026-06-21T13:39:53Z INF Autoupdate frequency is set autoupdateFreq=86400000
2026-06-21T13:39:53Z INF Generated Connector ID: 9c469904-e124-470e-aaa5-982065041aa0
2026-06-21T13:39:53Z INF Initial protocol quic
2026-06-21T13:39:53Z INF ICMP proxy will use 203.124.40.57 as source for IPv4
2026-06-21T13:39:53Z INF ICMP proxy will use fe80::9e88:744b:a7c1:dd62 in zone enp3s0f0np0 as source for IPv6
2026-06-21T13:39:53Z WRN The user running cloudflared process has a GID (group ID) that is not within ping_group_range. You might need to add that user to a group within that range, or instead update the range to encompass a group the user is already in by modifying /proc/sys/net/ipv4/ping_group_range. Otherwise cloudflared will not be able to ping this network error="Group ID 1000 is not between ping group 1 to 0"
2026-06-21T13:39:53Z WRN ICMP proxy feature is disabled error="cannot create ICMPv4 proxy: Group ID 1000 is not between ping group 1 to 0 nor ICMPv6 proxy: socket: permission denied"
2026/06/21 13:39:53 failed to sufficiently increase receive buffer size (was: 208 kiB, wanted: 7168 kiB, got: 416 kiB). See https://github.com/quic-go/quic-go/wiki/UDP-Buffer-Sizes for details.
2026-06-21T13:39:53Z INF ICMP proxy will use 203.124.40.57 as source for IPv4
2026-06-21T13:39:53Z INF ICMP proxy will use fe80::9e88:744b:a7c1:dd62 in zone enp3s0f0np0 as source for IPv6
2026-06-21T13:39:53Z INF Starting metrics server on 127.0.0.1:20243/metrics
2026-06-21T13:39:53Z INF Tunnel connection curve preferences: [X25519MLKEM768 CurveID(65074) CurveP256] connIndex=0 event=0 ip=198.41.200.33
2026-06-21T13:39:54Z INF Registered tunnel connection connIndex=0 connection=0aa53018-686d-4338-b918-f85fceb15c02 event=0 ip=198.41.200.33 location=sin22 protocol=quic
2026-06-21T13:39:59Z INF +-------------------------------------------------------------------------------------+
2026-06-21T13:39:59Z INF |                               CONNECTIVITY PRE-CHECKS                               |
2026-06-21T13:39:59Z INF +-------------------------------------------------------------------------------------+
2026-06-21T13:39:59Z INF |  COMPONENT         TARGET                     STATUS  DETAILS                       |
2026-06-21T13:39:59Z INF |  DNS Resolution    region1.v2.argotunnel.com  PASS    DNS Resolved successfully     |
2026-06-21T13:39:59Z INF |  DNS Resolution    region2.v2.argotunnel.com  PASS    DNS Resolved successfully     |
2026-06-21T13:39:59Z INF |  UDP Connectivity  region1.v2.argotunnel.com  PASS    QUIC connection successful    |
2026-06-21T13:39:59Z INF |  UDP Connectivity  region2.v2.argotunnel.com  PASS    QUIC connection successful    |
2026-06-21T13:39:59Z INF |  TCP Connectivity  region1.v2.argotunnel.com  PASS    HTTP/2 connection successful  |
2026-06-21T13:39:59Z INF |  TCP Connectivity  region2.v2.argotunnel.com  PASS    HTTP/2 connection successful  |
2026-06-21T13:39:59Z INF |  Cloudflare API    api.cloudflare.com:443     PASS    API is reachable              |
2026-06-21T13:39:59Z INF |                                                                                     |
2026-06-21T13:39:59Z INF |  SUMMARY: Environment is healthy. cloudflared will use 'quic' as primary protocol.  |
2026-06-21T13:39:59Z INF +-------------------------------------------------------------------------------------+
2026-06-21T13:39:59Z INF precheck component="DNS Resolution" details="DNS Resolved successfully" run_id=b70d583a-0611-48f3-b8fb-33f41421948d status=pass target=region1.v2.argotunnel.com
2026-06-21T13:39:59Z INF precheck component="DNS Resolution" details="DNS Resolved successfully" run_id=b70d583a-0611-48f3-b8fb-33f41421948d status=pass target=region2.v2.argotunnel.com
2026-06-21T13:39:59Z INF precheck component="UDP Connectivity" details="QUIC connection successful" run_id=b70d583a-0611-48f3-b8fb-33f41421948d status=pass target=region1.v2.argotunnel.com
2026-06-21T13:39:59Z INF precheck component="UDP Connectivity" details="QUIC connection successful" run_id=b70d583a-0611-48f3-b8fb-33f41421948d status=pass target=region2.v2.argotunnel.com
2026-06-21T13:39:59Z INF precheck component="TCP Connectivity" details="HTTP/2 connection successful" run_id=b70d583a-0611-48f3-b8fb-33f41421948d status=pass target=region1.v2.argotunnel.com
2026-06-21T13:39:59Z INF precheck component="TCP Connectivity" details="HTTP/2 connection successful" run_id=b70d583a-0611-48f3-b8fb-33f41421948d status=pass target=region2.v2.argotunnel.com
2026-06-21T13:39:59Z INF precheck component="Cloudflare API" details="API is reachable" run_id=b70d583a-0611-48f3-b8fb-33f41421948d status=pass target=api.cloudflare.com:443
2026-06-21T13:39:59Z INF precheck complete hard_fail=false run_id=b70d583a-0611-48f3-b8fb-33f41421948d suggested_protocol=quic
